{"C:\\Users\\dmitr\\Desktop\\projects\\todo-react\\src\\components\\Container\\index.tsx": {"path":"C:\\Users\\dmitr\\Desktop\\projects\\todo-react\\src\\components\\Container\\index.tsx","statementMap":{"0":{"start":{"line":1,"column":0},"end":{"line":1,"column":39}},"1":{"start":{"line":3,"column":13},"end":{"line":9,"column":2}}},"fnMap":{},"branchMap":{},"s":{"0":1,"1":1},"f":{},"b":{}}
,"C:\\Users\\dmitr\\Desktop\\projects\\todo-react\\src\\components\\helpers\\ItemWrapper\\index.tsx": {"path":"C:\\Users\\dmitr\\Desktop\\projects\\todo-react\\src\\components\\helpers\\ItemWrapper\\index.tsx","statementMap":{"0":{"start":{"line":1,"column":0},"end":{"line":1,"column":34}},"1":{"start":{"line":12,"column":38},"end":{"line":14,"column":1}},"2":{"start":{"line":13,"column":2},"end":{"line":13,"column":53}},"3":{"start":{"line":12,"column":13},"end":{"line":12,"column":38}}},"fnMap":{"0":{"name":"(anonymous_1)","decl":{"start":{"line":12,"column":38},"end":{"line":12,"column":39}},"loc":{"start":{"line":12,"column":66},"end":{"line":14,"column":1}}}},"branchMap":{},"s":{"0":1,"1":1,"2":2,"3":1},"f":{"0":2},"b":{}}
,"C:\\Users\\dmitr\\Desktop\\projects\\todo-react\\src\\components\\helpers\\PageText\\index.tsx": {"path":"C:\\Users\\dmitr\\Desktop\\projects\\todo-react\\src\\components\\helpers\\PageText\\index.tsx","statementMap":{"0":{"start":{"line":1,"column":0},"end":{"line":1,"column":34}},"1":{"start":{"line":9,"column":35},"end":{"line":11,"column":1}},"2":{"start":{"line":10,"column":2},"end":{"line":10,"column":55}},"3":{"start":{"line":9,"column":13},"end":{"line":9,"column":35}}},"fnMap":{"0":{"name":"(anonymous_1)","decl":{"start":{"line":9,"column":35},"end":{"line":9,"column":36}},"loc":{"start":{"line":9,"column":63},"end":{"line":11,"column":1}}}},"branchMap":{},"s":{"0":1,"1":1,"2":2,"3":1},"f":{"0":2},"b":{}}
}
