{"C:\\Users\\dmitr\\Desktop\\projects\\todo-react\\src\\components\\AddModal\\index.tsx": {"path":"C:\\Users\\dmitr\\Desktop\\projects\\todo-react\\src\\components\\AddModal\\index.tsx","statementMap":{"0":{"start":{"line":1,"column":0},"end":{"line":1,"column":57}},"1":{"start":{"line":2,"column":0},"end":{"line":2,"column":42}},"2":{"start":{"line":3,"column":0},"end":{"line":3,"column":48}},"3":{"start":{"line":4,"column":0},"end":{"line":4,"column":42}},"4":{"start":{"line":5,"column":0},"end":{"line":5,"column":56}},"5":{"start":{"line":6,"column":0},"end":{"line":6,"column":56}},"6":{"start":{"line":7,"column":0},"end":{"line":7,"column":46}},"7":{"start":{"line":8,"column":0},"end":{"line":8,"column":50}},"8":{"start":{"line":9,"column":0},"end":{"line":9,"column":52}},"9":{"start":{"line":10,"column":0},"end":{"line":10,"column":65}},"10":{"start":{"line":11,"column":0},"end":{"line":11,"column":37}},"11":{"start":{"line":12,"column":0},"end":{"line":12,"column":51}},"12":{"start":{"line":13,"column":0},"end":{"line":13,"column":53}},"13":{"start":{"line":15,"column":28},"end":{"line":118,"column":1}},"14":{"start":{"line":16,"column":26},"end":{"line":16,"column":41}},"15":{"start":{"line":17,"column":28},"end":{"line":17,"column":40}},"16":{"start":{"line":18,"column":28},"end":{"line":18,"column":39}},"17":{"start":{"line":19,"column":34},"end":{"line":19,"column":49}},"18":{"start":{"line":20,"column":19},"end":{"line":20,"column":35}},"19":{"start":{"line":22,"column":22},"end":{"line":24,"column":3}},"20":{"start":{"line":23,"column":4},"end":{"line":23,"column":43}},"21":{"start":{"line":26,"column":22},"end":{"line":28,"column":3}},"22":{"start":{"line":27,"column":4},"end":{"line":27,"column":41}},"23":{"start":{"line":30,"column":25},"end":{"line":32,"column":3}},"24":{"start":{"line":31,"column":4},"end":{"line":31,"column":46}},"25":{"start":{"line":34,"column":26},"end":{"line":36,"column":3}},"26":{"start":{"line":35,"column":4},"end":{"line":35,"column":18}},"27":{"start":{"line":38,"column":22},"end":{"line":40,"column":3}},"28":{"start":{"line":39,"column":4},"end":{"line":39,"column":19}},"29":{"start":{"line":42,"column":20},"end":{"line":53,"column":3}},"30":{"start":{"line":43,"column":4},"end":{"line":50,"column":6}},"31":{"start":{"line":51,"column":4},"end":{"line":51,"column":18}},"32":{"start":{"line":52,"column":4},"end":{"line":52,"column":18}},"33":{"start":{"line":55,"column":22},"end":{"line":59,"column":3}},"34":{"start":{"line":56,"column":4},"end":{"line":56,"column":23}},"35":{"start":{"line":57,"column":4},"end":{"line":57,"column":17}},"36":{"start":{"line":58,"column":4},"end":{"line":58,"column":16}},"37":{"start":{"line":61,"column":2},"end":{"line":117,"column":4}},"38":{"start":{"line":15,"column":13},"end":{"line":15,"column":28}}},"fnMap":{"0":{"name":"(anonymous_7)","decl":{"start":{"line":15,"column":28},"end":{"line":15,"column":31}},"loc":{"start":{"line":15,"column":33},"end":{"line":118,"column":1}}},"1":{"name":"(anonymous_8)","decl":{"start":{"line":22,"column":22},"end":{"line":22,"column":23}},"loc":{"start":{"line":22,"column":63},"end":{"line":24,"column":3}}},"2":{"name":"(anonymous_9)","decl":{"start":{"line":26,"column":22},"end":{"line":26,"column":23}},"loc":{"start":{"line":26,"column":63},"end":{"line":28,"column":3}}},"3":{"name":"(anonymous_10)","decl":{"start":{"line":30,"column":25},"end":{"line":30,"column":26}},"loc":{"start":{"line":30,"column":54},"end":{"line":32,"column":3}}},"4":{"name":"(anonymous_11)","decl":{"start":{"line":34,"column":26},"end":{"line":34,"column":29}},"loc":{"start":{"line":34,"column":31},"end":{"line":36,"column":3}}},"5":{"name":"(anonymous_12)","decl":{"start":{"line":38,"column":22},"end":{"line":38,"column":25}},"loc":{"start":{"line":38,"column":27},"end":{"line":40,"column":3}}},"6":{"name":"(anonymous_13)","decl":{"start":{"line":42,"column":20},"end":{"line":42,"column":23}},"loc":{"start":{"line":42,"column":25},"end":{"line":53,"column":3}}},"7":{"name":"(anonymous_14)","decl":{"start":{"line":55,"column":22},"end":{"line":55,"column":25}},"loc":{"start":{"line":55,"column":27},"end":{"line":59,"column":3}}}},"branchMap":{"0":{"loc":{"start":{"line":111,"column":48},"end":{"line":111,"column":64}},"type":"binary-expr","locations":[{"start":{"line":111,"column":48},"end":{"line":111,"column":54}},{"start":{"line":111,"column":58},"end":{"line":111,"column":64}}]}},"s":{"0":3,"1":3,"2":3,"3":3,"4":3,"5":3,"6":3,"7":3,"8":3,"9":3,"10":3,"11":3,"12":3,"13":3,"14":2,"15":1,"16":1,"17":1,"18":1,"19":0,"20":0,"21":0,"22":0,"23":0,"24":0,"25":0,"26":0,"27":0,"28":0,"29":0,"30":0,"31":0,"32":0,"33":0,"34":0,"35":0,"36":0,"37":0,"38":3},"f":{"0":2,"1":0,"2":0,"3":0,"4":0,"5":0,"6":0,"7":0},"b":{"0":[0,0]}}
,"C:\\Users\\dmitr\\Desktop\\projects\\todo-react\\src\\components\\Container\\index.tsx": {"path":"C:\\Users\\dmitr\\Desktop\\projects\\todo-react\\src\\components\\Container\\index.tsx","statementMap":{"0":{"start":{"line":1,"column":0},"end":{"line":1,"column":39}},"1":{"start":{"line":3,"column":13},"end":{"line":5,"column":2}}},"fnMap":{},"branchMap":{},"s":{"0":1,"1":1},"f":{},"b":{}}
,"C:\\Users\\dmitr\\Desktop\\projects\\todo-react\\src\\components\\Header\\index.tsx": {"path":"C:\\Users\\dmitr\\Desktop\\projects\\todo-react\\src\\components\\Header\\index.tsx","statementMap":{"0":{"start":{"line":1,"column":0},"end":{"line":1,"column":34}},"1":{"start":{"line":2,"column":0},"end":{"line":2,"column":42}},"2":{"start":{"line":3,"column":0},"end":{"line":3,"column":36}},"3":{"start":{"line":4,"column":0},"end":{"line":4,"column":44}},"4":{"start":{"line":5,"column":0},"end":{"line":5,"column":50}},"5":{"start":{"line":6,"column":0},"end":{"line":6,"column":42}},"6":{"start":{"line":7,"column":0},"end":{"line":7,"column":42}},"7":{"start":{"line":9,"column":26},"end":{"line":26,"column":1}},"8":{"start":{"line":10,"column":22},"end":{"line":10,"column":31}},"9":{"start":{"line":12,"column":2},"end":{"line":25,"column":4}},"10":{"start":{"line":9,"column":13},"end":{"line":9,"column":26}}},"fnMap":{"0":{"name":"(anonymous_1)","decl":{"start":{"line":9,"column":26},"end":{"line":9,"column":29}},"loc":{"start":{"line":9,"column":31},"end":{"line":26,"column":1}}}},"branchMap":{},"s":{"0":2,"1":2,"2":2,"3":2,"4":2,"5":2,"6":2,"7":2,"8":2,"9":2,"10":2},"f":{"0":2},"b":{}}
,"C:\\Users\\dmitr\\Desktop\\projects\\todo-react\\src\\components\\OptionsPanel\\index.tsx": {"path":"C:\\Users\\dmitr\\Desktop\\projects\\todo-react\\src\\components\\OptionsPanel\\index.tsx","statementMap":{"0":{"start":{"line":1,"column":0},"end":{"line":1,"column":55}},"1":{"start":{"line":2,"column":0},"end":{"line":2,"column":36}},"2":{"start":{"line":3,"column":0},"end":{"line":3,"column":50}},"3":{"start":{"line":4,"column":0},"end":{"line":4,"column":46}},"4":{"start":{"line":5,"column":0},"end":{"line":5,"column":52}},"5":{"start":{"line":6,"column":0},"end":{"line":6,"column":65}},"6":{"start":{"line":8,"column":0},"end":{"line":8,"column":37}},"7":{"start":{"line":9,"column":0},"end":{"line":9,"column":48}},"8":{"start":{"line":10,"column":0},"end":{"line":10,"column":39}},"9":{"start":{"line":11,"column":0},"end":{"line":11,"column":51}},"10":{"start":{"line":12,"column":0},"end":{"line":12,"column":80}},"11":{"start":{"line":14,"column":32},"end":{"line":47,"column":1}},"12":{"start":{"line":15,"column":23},"end":{"line":15,"column":52}},"13":{"start":{"line":16,"column":28},"end":{"line":16,"column":50}},"14":{"start":{"line":17,"column":19},"end":{"line":17,"column":35}},"15":{"start":{"line":19,"column":2},"end":{"line":21,"column":14}},"16":{"start":{"line":20,"column":4},"end":{"line":20,"column":38}},"17":{"start":{"line":23,"column":28},"end":{"line":26,"column":3}},"18":{"start":{"line":24,"column":18},"end":{"line":24,"column":45}},"19":{"start":{"line":25,"column":4},"end":{"line":25,"column":20}},"20":{"start":{"line":28,"column":2},"end":{"line":46,"column":4}},"21":{"start":{"line":38,"column":14},"end":{"line":39,"column":null}},"22":{"start":{"line":14,"column":13},"end":{"line":14,"column":32}}},"fnMap":{"0":{"name":"(anonymous_7)","decl":{"start":{"line":14,"column":32},"end":{"line":14,"column":35}},"loc":{"start":{"line":14,"column":37},"end":{"line":47,"column":1}}},"1":{"name":"(anonymous_8)","decl":{"start":{"line":19,"column":12},"end":{"line":19,"column":15}},"loc":{"start":{"line":19,"column":17},"end":{"line":21,"column":3}}},"2":{"name":"(anonymous_9)","decl":{"start":{"line":23,"column":28},"end":{"line":23,"column":29}},"loc":{"start":{"line":23,"column":57},"end":{"line":26,"column":3}}},"3":{"name":"(anonymous_10)","decl":{"start":{"line":37,"column":24},"end":{"line":37,"column":25}},"loc":{"start":{"line":38,"column":14},"end":{"line":39,"column":null}}}},"branchMap":{},"s":{"0":2,"1":2,"2":2,"3":2,"4":2,"5":2,"6":2,"7":2,"8":2,"9":2,"10":2,"11":2,"12":4,"13":4,"14":2,"15":0,"16":0,"17":0,"18":0,"19":0,"20":0,"21":0,"22":2},"f":{"0":4,"1":0,"2":0,"3":0},"b":{}}
,"C:\\Users\\dmitr\\Desktop\\projects\\todo-react\\src\\components\\PrivateRoute\\index.tsx": {"path":"C:\\Users\\dmitr\\Desktop\\projects\\todo-react\\src\\components\\PrivateRoute\\index.tsx","statementMap":{"0":{"start":{"line":1,"column":0},"end":{"line":1,"column":34}},"1":{"start":{"line":2,"column":0},"end":{"line":2,"column":44}},"2":{"start":{"line":3,"column":0},"end":{"line":3,"column":42}},"3":{"start":{"line":5,"column":32},"end":{"line":8,"column":1}},"4":{"start":{"line":6,"column":15},"end":{"line":6,"column":24}},"5":{"start":{"line":7,"column":2},"end":{"line":7,"column":57}},"6":{"start":{"line":5,"column":13},"end":{"line":5,"column":32}}},"fnMap":{"0":{"name":"(anonymous_1)","decl":{"start":{"line":5,"column":32},"end":{"line":5,"column":33}},"loc":{"start":{"line":5,"column":76},"end":{"line":8,"column":1}}}},"branchMap":{"0":{"loc":{"start":{"line":7,"column":9},"end":{"line":7,"column":56}},"type":"cond-expr","locations":[{"start":{"line":7,"column":21},"end":{"line":7,"column":29}},{"start":{"line":7,"column":32},"end":{"line":7,"column":56}}]}},"s":{"0":1,"1":1,"2":1,"3":1,"4":1,"5":1,"6":1},"f":{"0":1},"b":{"0":[0,1]}}
,"C:\\Users\\dmitr\\Desktop\\projects\\todo-react\\src\\components\\Spinner\\index.tsx": {"path":"C:\\Users\\dmitr\\Desktop\\projects\\todo-react\\src\\components\\Spinner\\index.tsx","statementMap":{"0":{"start":{"line":1,"column":0},"end":{"line":1,"column":34}},"1":{"start":{"line":2,"column":0},"end":{"line":2,"column":51}},"2":{"start":{"line":3,"column":0},"end":{"line":3,"column":37}},"3":{"start":{"line":5,"column":17},"end":{"line":35,"column":2}},"4":{"start":{"line":43,"column":34},"end":{"line":45,"column":1}},"5":{"start":{"line":44,"column":2},"end":{"line":44,"column":83}},"6":{"start":{"line":43,"column":13},"end":{"line":43,"column":34}}},"fnMap":{"0":{"name":"(anonymous_1)","decl":{"start":{"line":43,"column":34},"end":{"line":43,"column":35}},"loc":{"start":{"line":43,"column":81},"end":{"line":45,"column":1}}}},"branchMap":{"0":{"loc":{"start":{"line":43,"column":46},"end":{"line":43,"column":56}},"type":"default-arg","locations":[{"start":{"line":43,"column":53},"end":{"line":43,"column":56}}]},"1":{"loc":{"start":{"line":43,"column":58},"end":{"line":43,"column":75}},"type":"default-arg","locations":[{"start":{"line":43,"column":66},"end":{"line":43,"column":75}}]}},"s":{"0":2,"1":2,"2":2,"3":2,"4":2,"5":1,"6":2},"f":{"0":1},"b":{"0":[1],"1":[1]}}
,"C:\\Users\\dmitr\\Desktop\\projects\\todo-react\\src\\components\\TableView\\index.tsx": {"path":"C:\\Users\\dmitr\\Desktop\\projects\\todo-react\\src\\components\\TableView\\index.tsx","statementMap":{"0":{"start":{"line":1,"column":0},"end":{"line":1,"column":34}},"1":{"start":{"line":2,"column":0},"end":{"line":2,"column":40}},"2":{"start":{"line":3,"column":0},"end":{"line":3,"column":48}},"3":{"start":{"line":4,"column":0},"end":{"line":4,"column":48}},"4":{"start":{"line":5,"column":0},"end":{"line":5,"column":58}},"5":{"start":{"line":6,"column":0},"end":{"line":6,"column":48}},"6":{"start":{"line":7,"column":0},"end":{"line":7,"column":46}},"7":{"start":{"line":8,"column":0},"end":{"line":8,"column":40}},"8":{"start":{"line":9,"column":0},"end":{"line":9,"column":67}},"9":{"start":{"line":10,"column":0},"end":{"line":10,"column":37}},"10":{"start":{"line":12,"column":0},"end":{"line":12,"column":43}},"11":{"start":{"line":13,"column":0},"end":{"line":13,"column":52}},"12":{"start":{"line":14,"column":0},"end":{"line":14,"column":56}},"13":{"start":{"line":16,"column":29},"end":{"line":56,"column":1}},"14":{"start":{"line":17,"column":15},"end":{"line":17,"column":69}},"15":{"start":{"line":17,"column":52},"end":{"line":17,"column":68}},"16":{"start":{"line":18,"column":19},"end":{"line":18,"column":35}},"17":{"start":{"line":20,"column":21},"end":{"line":22,"column":3}},"18":{"start":{"line":21,"column":4},"end":{"line":21,"column":25}},"19":{"start":{"line":24,"column":2},"end":{"line":55,"column":4}},"20":{"start":{"line":38,"column":14},"end":{"line":48,"column":null}},"21":{"start":{"line":45,"column":79},"end":{"line":45,"column":97}},"22":{"start":{"line":16,"column":13},"end":{"line":16,"column":29}}},"fnMap":{"0":{"name":"(anonymous_1)","decl":{"start":{"line":16,"column":29},"end":{"line":16,"column":32}},"loc":{"start":{"line":16,"column":34},"end":{"line":56,"column":1}}},"1":{"name":"(anonymous_2)","decl":{"start":{"line":17,"column":30},"end":{"line":17,"column":31}},"loc":{"start":{"line":17,"column":52},"end":{"line":17,"column":68}}},"2":{"name":"(anonymous_3)","decl":{"start":{"line":20,"column":21},"end":{"line":20,"column":22}},"loc":{"start":{"line":20,"column":36},"end":{"line":22,"column":3}}},"3":{"name":"(anonymous_4)","decl":{"start":{"line":37,"column":23},"end":{"line":37,"column":24}},"loc":{"start":{"line":38,"column":14},"end":{"line":48,"column":null}}},"4":{"name":"(anonymous_5)","decl":{"start":{"line":45,"column":73},"end":{"line":45,"column":76}},"loc":{"start":{"line":45,"column":79},"end":{"line":45,"column":97}}}},"branchMap":{"0":{"loc":{"start":{"line":37,"column":13},"end":{"line":50,"column":14}},"type":"cond-expr","locations":[{"start":{"line":37,"column":17},"end":{"line":37,"column":19}},{"start":{"line":37,"column":13},"end":{"line":50,"column":14}}]},"1":{"loc":{"start":{"line":37,"column":13},"end":{"line":37,"column":19}},"type":"binary-expr","locations":[{"start":{"line":37,"column":13},"end":{"line":37,"column":19}},{"start":{"line":37,"column":13},"end":{"line":37,"column":19}}]}},"s":{"0":2,"1":2,"2":2,"3":2,"4":2,"5":2,"6":2,"7":2,"8":2,"9":2,"10":2,"11":2,"12":2,"13":2,"14":4,"15":0,"16":0,"17":0,"18":0,"19":0,"20":0,"21":0,"22":2},"f":{"0":4,"1":0,"2":0,"3":0,"4":0},"b":{"0":[0,0],"1":[0,0]}}
,"C:\\Users\\dmitr\\Desktop\\projects\\todo-react\\src\\components\\Wrapper\\index.tsx": {"path":"C:\\Users\\dmitr\\Desktop\\projects\\todo-react\\src\\components\\Wrapper\\index.tsx","statementMap":{"0":{"start":{"line":1,"column":0},"end":{"line":1,"column":53}},"1":{"start":{"line":2,"column":0},"end":{"line":2,"column":39}},"2":{"start":{"line":4,"column":13},"end":{"line":12,"column":2}},"3":{"start":{"line":6,"column":32},"end":{"line":6,"column":84}},"4":{"start":{"line":7,"column":33},"end":{"line":7,"column":91}},"5":{"start":{"line":8,"column":29},"end":{"line":8,"column":79}},"6":{"start":{"line":10,"column":24},"end":{"line":10,"column":55}},"7":{"start":{"line":11,"column":23},"end":{"line":11,"column":57}}},"fnMap":{"0":{"name":"(anonymous_1)","decl":{"start":{"line":6,"column":20},"end":{"line":6,"column":21}},"loc":{"start":{"line":6,"column":32},"end":{"line":6,"column":84}}},"1":{"name":"(anonymous_2)","decl":{"start":{"line":7,"column":21},"end":{"line":7,"column":22}},"loc":{"start":{"line":7,"column":33},"end":{"line":7,"column":91}}},"2":{"name":"(anonymous_3)","decl":{"start":{"line":8,"column":17},"end":{"line":8,"column":18}},"loc":{"start":{"line":8,"column":29},"end":{"line":8,"column":79}}},"3":{"name":"(anonymous_4)","decl":{"start":{"line":10,"column":12},"end":{"line":10,"column":13}},"loc":{"start":{"line":10,"column":24},"end":{"line":10,"column":55}}},"4":{"name":"(anonymous_5)","decl":{"start":{"line":11,"column":11},"end":{"line":11,"column":12}},"loc":{"start":{"line":11,"column":23},"end":{"line":11,"column":57}}}},"branchMap":{"0":{"loc":{"start":{"line":6,"column":32},"end":{"line":6,"column":84}},"type":"cond-expr","locations":[{"start":{"line":6,"column":54},"end":{"line":6,"column":73}},{"start":{"line":6,"column":76},"end":{"line":6,"column":84}}]},"1":{"loc":{"start":{"line":7,"column":33},"end":{"line":7,"column":91}},"type":"cond-expr","locations":[{"start":{"line":7,"column":56},"end":{"line":7,"column":76}},{"start":{"line":7,"column":79},"end":{"line":7,"column":91}}]},"2":{"loc":{"start":{"line":8,"column":29},"end":{"line":8,"column":79}},"type":"cond-expr","locations":[{"start":{"line":8,"column":48},"end":{"line":8,"column":64}},{"start":{"line":8,"column":67},"end":{"line":8,"column":79}}]},"3":{"loc":{"start":{"line":10,"column":24},"end":{"line":10,"column":55}},"type":"cond-expr","locations":[{"start":{"line":10,"column":39},"end":{"line":10,"column":51}},{"start":{"line":10,"column":54},"end":{"line":10,"column":55}}]},"4":{"loc":{"start":{"line":11,"column":23},"end":{"line":11,"column":57}},"type":"cond-expr","locations":[{"start":{"line":11,"column":37},"end":{"line":11,"column":48}},{"start":{"line":11,"column":51},"end":{"line":11,"column":57}}]}},"s":{"0":6,"1":6,"2":6,"3":1,"4":1,"5":1,"6":1,"7":1},"f":{"0":1,"1":1,"2":1,"3":1,"4":1},"b":{"0":[0,1],"1":[0,1],"2":[0,1],"3":[0,1],"4":[0,1]}}
,"C:\\Users\\dmitr\\Desktop\\projects\\todo-react\\src\\components\\helpers\\ItemWrapper\\index.tsx": {"path":"C:\\Users\\dmitr\\Desktop\\projects\\todo-react\\src\\components\\helpers\\ItemWrapper\\index.tsx","statementMap":{"0":{"start":{"line":1,"column":0},"end":{"line":1,"column":34}},"1":{"start":{"line":14,"column":38},"end":{"line":16,"column":1}},"2":{"start":{"line":15,"column":2},"end":{"line":15,"column":53}},"3":{"start":{"line":14,"column":13},"end":{"line":14,"column":38}}},"fnMap":{"0":{"name":"(anonymous_1)","decl":{"start":{"line":14,"column":38},"end":{"line":14,"column":39}},"loc":{"start":{"line":14,"column":66},"end":{"line":16,"column":1}}}},"branchMap":{},"s":{"0":7,"1":7,"2":3,"3":7},"f":{"0":3},"b":{}}
,"C:\\Users\\dmitr\\Desktop\\projects\\todo-react\\src\\components\\helpers\\PageText\\index.tsx": {"path":"C:\\Users\\dmitr\\Desktop\\projects\\todo-react\\src\\components\\helpers\\PageText\\index.tsx","statementMap":{"0":{"start":{"line":1,"column":0},"end":{"line":1,"column":34}},"1":{"start":{"line":9,"column":35},"end":{"line":11,"column":1}},"2":{"start":{"line":10,"column":2},"end":{"line":10,"column":55}},"3":{"start":{"line":9,"column":13},"end":{"line":9,"column":35}}},"fnMap":{"0":{"name":"(anonymous_1)","decl":{"start":{"line":9,"column":35},"end":{"line":9,"column":36}},"loc":{"start":{"line":9,"column":63},"end":{"line":11,"column":1}}}},"branchMap":{},"s":{"0":1,"1":1,"2":2,"3":1},"f":{"0":2},"b":{}}
,"C:\\Users\\dmitr\\Desktop\\projects\\todo-react\\src\\constants\\index.tsx": {"path":"C:\\Users\\dmitr\\Desktop\\projects\\todo-react\\src\\constants\\index.tsx","statementMap":{"0":{"start":{"line":1,"column":0},"end":{"line":1,"column":30}},"1":{"start":{"line":2,"column":0},"end":{"line":2,"column":29}}},"fnMap":{},"branchMap":{},"s":{"0":2,"1":2},"f":{},"b":{}}
,"C:\\Users\\dmitr\\Desktop\\projects\\todo-react\\src\\constants\\month.const.ts": {"path":"C:\\Users\\dmitr\\Desktop\\projects\\todo-react\\src\\constants\\month.const.ts","statementMap":{"0":{"start":{"line":1,"column":0},"end":{"line":1,"column":null}},"1":{"start":{"line":2,"column":2},"end":{"line":2,"column":null}},"2":{"start":{"line":3,"column":2},"end":{"line":3,"column":null}},"3":{"start":{"line":4,"column":2},"end":{"line":4,"column":null}},"4":{"start":{"line":5,"column":2},"end":{"line":5,"column":null}},"5":{"start":{"line":6,"column":2},"end":{"line":6,"column":null}},"6":{"start":{"line":7,"column":2},"end":{"line":7,"column":null}},"7":{"start":{"line":8,"column":2},"end":{"line":8,"column":null}},"8":{"start":{"line":9,"column":2},"end":{"line":9,"column":null}},"9":{"start":{"line":10,"column":2},"end":{"line":10,"column":null}},"10":{"start":{"line":11,"column":2},"end":{"line":11,"column":null}},"11":{"start":{"line":12,"column":2},"end":{"line":12,"column":null}},"12":{"start":{"line":13,"column":2},"end":{"line":13,"column":null}},"13":{"start":{"line":16,"column":13},"end":{"line":29,"column":2}}},"fnMap":{"0":{"name":"(anonymous_0)","decl":{"start":{"line":1,"column":0},"end":{"line":1,"column":12}},"loc":{"start":{"line":1,"column":17},"end":{"line":14,"column":1}}}},"branchMap":{"0":{"loc":{"start":{"line":1,"column":12},"end":{"line":1,"column":null}},"type":"binary-expr","locations":[{"start":{"line":1,"column":12},"end":{"line":1,"column":17}},{"start":{"line":1,"column":12},"end":{"line":1,"column":null}}]}},"s":{"0":2,"1":2,"2":2,"3":2,"4":2,"5":2,"6":2,"7":2,"8":2,"9":2,"10":2,"11":2,"12":2,"13":2},"f":{"0":2},"b":{"0":[2,2]}}
,"C:\\Users\\dmitr\\Desktop\\projects\\todo-react\\src\\core\\auth.tsx": {"path":"C:\\Users\\dmitr\\Desktop\\projects\\todo-react\\src\\core\\auth.tsx","statementMap":{"0":{"start":{"line":2,"column":0},"end":{"line":2,"column":89}},"1":{"start":{"line":3,"column":0},"end":{"line":3,"column":45}},"2":{"start":{"line":4,"column":0},"end":{"line":4,"column":77}},"3":{"start":{"line":5,"column":0},"end":{"line":5,"column":40}},"4":{"start":{"line":6,"column":0},"end":{"line":6,"column":48}},"5":{"start":{"line":7,"column":0},"end":{"line":7,"column":72}},"6":{"start":{"line":9,"column":0},"end":{"line":16,"column":3}},"7":{"start":{"line":18,"column":13},"end":{"line":18,"column":22}},"8":{"start":{"line":19,"column":20},"end":{"line":19,"column":46}},"9":{"start":{"line":21,"column":27},"end":{"line":24,"column":1}},"10":{"start":{"line":22,"column":23},"end":{"line":22,"column":39}},"11":{"start":{"line":23,"column":2},"end":{"line":23,"column":86}},"12":{"start":{"line":21,"column":13},"end":{"line":21,"column":27}},"13":{"start":{"line":26,"column":23},"end":{"line":28,"column":1}},"14":{"start":{"line":27,"column":2},"end":{"line":27,"column":33}},"15":{"start":{"line":26,"column":13},"end":{"line":26,"column":23}},"16":{"start":{"line":31,"column":26},"end":{"line":31,"column":40}},"17":{"start":{"line":32,"column":31},"end":{"line":32,"column":45}},"18":{"start":{"line":33,"column":19},"end":{"line":33,"column":35}},"19":{"start":{"line":35,"column":2},"end":{"line":48,"column":9}},"20":{"start":{"line":36,"column":24},"end":{"line":45,"column":6}},"21":{"start":{"line":37,"column":6},"end":{"line":44,"column":null}},"22":{"start":{"line":38,"column":8},"end":{"line":38,"column":22}},"23":{"start":{"line":39,"column":8},"end":{"line":39,"column":52}},"24":{"start":{"line":40,"column":8},"end":{"line":40,"column":25}},"25":{"start":{"line":42,"column":8},"end":{"line":42,"column":22}},"26":{"start":{"line":43,"column":8},"end":{"line":43,"column":25}},"27":{"start":{"line":47,"column":4},"end":{"line":47,"column":31}},"28":{"start":{"line":47,"column":17},"end":{"line":47,"column":30}},"29":{"start":{"line":50,"column":27},"end":{"line":65,"column":4}},"30":{"start":{"line":50,"column":38},"end":{"line":65,"column":4}},"31":{"start":{"line":51,"column":21},"end":{"line":51,"column":45}},"32":{"start":{"line":52,"column":4},"end":{"line":52,"column":33}},"33":{"start":{"line":53,"column":4},"end":{"line":53,"column":31}},"34":{"start":{"line":55,"column":4},"end":{"line":64,"column":null}},"35":{"start":{"line":56,"column":21},"end":{"line":56,"column":58}},"36":{"start":{"line":57,"column":19},"end":{"line":57,"column":42}},"37":{"start":{"line":59,"column":6},"end":{"line":59,"column":20}},"38":{"start":{"line":60,"column":6},"end":{"line":60,"column":38}},"39":{"start":{"line":61,"column":6},"end":{"line":61,"column":23}},"40":{"start":{"line":63,"column":6},"end":{"line":63,"column":25}},"41":{"start":{"line":67,"column":18},"end":{"line":75,"column":4}},"42":{"start":{"line":67,"column":29},"end":{"line":75,"column":4}},"43":{"start":{"line":68,"column":4},"end":{"line":74,"column":null}},"44":{"start":{"line":69,"column":6},"end":{"line":69,"column":27}},"45":{"start":{"line":70,"column":6},"end":{"line":70,"column":20}},"46":{"start":{"line":71,"column":6},"end":{"line":71,"column":36}},"47":{"start":{"line":73,"column":6},"end":{"line":73,"column":25}},"48":{"start":{"line":77,"column":21},"end":{"line":80,"column":3}},"49":{"start":{"line":78,"column":46},"end":{"line":78,"column":50}},"50":{"start":{"line":79,"column":4},"end":{"line":79,"column":38}},"51":{"start":{"line":82,"column":2},"end":{"line":87,"column":4}}},"fnMap":{"0":{"name":"(anonymous_13)","decl":{"start":{"line":21,"column":27},"end":{"line":21,"column":28}},"loc":{"start":{"line":21,"column":83},"end":{"line":24,"column":1}}},"1":{"name":"(anonymous_14)","decl":{"start":{"line":26,"column":23},"end":{"line":26,"column":26}},"loc":{"start":{"line":26,"column":28},"end":{"line":28,"column":1}}},"2":{"name":"useProvideAuth","decl":{"start":{"line":30,"column":9},"end":{"line":30,"column":23}},"loc":{"start":{"line":30,"column":23},"end":{"line":88,"column":1}}},"3":{"name":"(anonymous_16)","decl":{"start":{"line":35,"column":12},"end":{"line":35,"column":15}},"loc":{"start":{"line":35,"column":17},"end":{"line":48,"column":3}}},"4":{"name":"(anonymous_17)","decl":{"start":{"line":36,"column":48},"end":{"line":36,"column":49}},"loc":{"start":{"line":36,"column":57},"end":{"line":45,"column":5}}},"5":{"name":"(anonymous_18)","decl":{"start":{"line":47,"column":11},"end":{"line":47,"column":14}},"loc":{"start":{"line":47,"column":17},"end":{"line":47,"column":30}}},"6":{"name":"(anonymous_19)","decl":{"start":{"line":50,"column":27},"end":{"line":50,"column":36}},"loc":{"start":{"line":50,"column":38},"end":{"line":65,"column":4}}},"7":{"name":"(anonymous_20)","decl":{"start":{"line":50,"column":38},"end":{"line":50,"column":null}},"loc":{"start":{"line":50,"column":38},"end":{"line":65,"column":3}}},"8":{"name":"(anonymous_21)","decl":{"start":{"line":67,"column":18},"end":{"line":67,"column":27}},"loc":{"start":{"line":67,"column":29},"end":{"line":75,"column":4}}},"9":{"name":"(anonymous_22)","decl":{"start":{"line":67,"column":29},"end":{"line":67,"column":null}},"loc":{"start":{"line":67,"column":29},"end":{"line":75,"column":3}}},"10":{"name":"(anonymous_23)","decl":{"start":{"line":77,"column":21},"end":{"line":77,"column":22}},"loc":{"start":{"line":77,"column":30},"end":{"line":80,"column":3}}}},"branchMap":{"0":{"loc":{"start":{"line":37,"column":6},"end":{"line":44,"column":null}},"type":"if","locations":[{"start":{"line":37,"column":6},"end":{"line":44,"column":null}},{"start":{"line":41,"column":13},"end":{"line":44,"column":null}}]}},"s":{"0":4,"1":4,"2":4,"3":4,"4":4,"5":4,"6":4,"7":4,"8":4,"9":4,"10":0,"11":0,"12":4,"13":4,"14":3,"15":4,"16":0,"17":0,"18":0,"19":0,"20":0,"21":0,"22":0,"23":0,"24":0,"25":0,"26":0,"27":0,"28":0,"29":0,"30":0,"31":0,"32":0,"33":0,"34":0,"35":0,"36":0,"37":0,"38":0,"39":0,"40":0,"41":0,"42":0,"43":0,"44":0,"45":0,"46":0,"47":0,"48":0,"49":0,"50":0,"51":0},"f":{"0":0,"1":3,"2":0,"3":0,"4":0,"5":0,"6":0,"7":0,"8":0,"9":0,"10":0},"b":{"0":[0,0]}}
,"C:\\Users\\dmitr\\Desktop\\projects\\todo-react\\src\\models\\User.ts": {"path":"C:\\Users\\dmitr\\Desktop\\projects\\todo-react\\src\\models\\User.ts","statementMap":{"0":{"start":{"line":2,"column":21},"end":{"line":2,"column":32}},"1":{"start":{"line":2,"column":41},"end":{"line":2,"column":53}},"2":{"start":{"line":2,"column":62},"end":{"line":2,"column":75}},"3":{"start":{"line":1,"column":0},"end":{"line":1,"column":13}}},"fnMap":{"0":{"name":"(anonymous_0)","decl":{"start":{"line":2,"column":2},"end":{"line":2,"column":21}},"loc":{"start":{"line":2,"column":75},"end":{"line":2,"column":79}}}},"branchMap":{},"s":{"0":0,"1":0,"2":0,"3":4},"f":{"0":0},"b":{}}
,"C:\\Users\\dmitr\\Desktop\\projects\\todo-react\\src\\models\\index.ts": {"path":"C:\\Users\\dmitr\\Desktop\\projects\\todo-react\\src\\models\\index.ts","statementMap":{"0":{"start":{"line":1,"column":0},"end":{"line":1,"column":23}},"1":{"start":{"line":2,"column":0},"end":{"line":2,"column":23}}},"fnMap":{},"branchMap":{},"s":{"0":4,"1":4},"f":{},"b":{}}
,"C:\\Users\\dmitr\\Desktop\\projects\\todo-react\\src\\pages\\Dashboard\\index.tsx": {"path":"C:\\Users\\dmitr\\Desktop\\projects\\todo-react\\src\\pages\\Dashboard\\index.tsx","statementMap":{"0":{"start":{"line":1,"column":0},"end":{"line":1,"column":34}},"1":{"start":{"line":2,"column":0},"end":{"line":2,"column":49}},"2":{"start":{"line":3,"column":0},"end":{"line":3,"column":61}},"3":{"start":{"line":4,"column":0},"end":{"line":4,"column":55}},"4":{"start":{"line":6,"column":29},"end":{"line":11,"column":null}},"5":{"start":{"line":7,"column":2},"end":{"line":10,"column":null}},"6":{"start":{"line":6,"column":13},"end":{"line":6,"column":29}}},"fnMap":{"0":{"name":"(anonymous_1)","decl":{"start":{"line":6,"column":29},"end":{"line":6,"column":32}},"loc":{"start":{"line":7,"column":2},"end":{"line":10,"column":null}}}},"branchMap":{},"s":{"0":1,"1":1,"2":1,"3":1,"4":1,"5":2,"6":1},"f":{"0":2},"b":{}}
,"C:\\Users\\dmitr\\Desktop\\projects\\todo-react\\src\\pages\\Login\\index.tsx": {"path":"C:\\Users\\dmitr\\Desktop\\projects\\todo-react\\src\\pages\\Login\\index.tsx","statementMap":{"0":{"start":{"line":2,"column":0},"end":{"line":2,"column":45}},"1":{"start":{"line":3,"column":0},"end":{"line":3,"column":47}},"2":{"start":{"line":5,"column":0},"end":{"line":5,"column":38}},"3":{"start":{"line":6,"column":0},"end":{"line":6,"column":52}},"4":{"start":{"line":7,"column":0},"end":{"line":7,"column":52}},"5":{"start":{"line":8,"column":0},"end":{"line":8,"column":50}},"6":{"start":{"line":9,"column":0},"end":{"line":9,"column":50}},"7":{"start":{"line":10,"column":0},"end":{"line":10,"column":52}},"8":{"start":{"line":12,"column":0},"end":{"line":12,"column":51}},"9":{"start":{"line":13,"column":0},"end":{"line":13,"column":51}},"10":{"start":{"line":14,"column":0},"end":{"line":14,"column":42}},"11":{"start":{"line":15,"column":0},"end":{"line":15,"column":51}},"12":{"start":{"line":16,"column":0},"end":{"line":16,"column":64}},"13":{"start":{"line":19,"column":25},"end":{"line":53,"column":1}},"14":{"start":{"line":20,"column":19},"end":{"line":20,"column":32}},"15":{"start":{"line":21,"column":19},"end":{"line":21,"column":35}},"16":{"start":{"line":22,"column":46},"end":{"line":22,"column":55}},"17":{"start":{"line":24,"column":2},"end":{"line":30,"column":13}},"18":{"start":{"line":25,"column":4},"end":{"line":29,"column":null}},"19":{"start":{"line":26,"column":19},"end":{"line":26,"column":67}},"20":{"start":{"line":27,"column":6},"end":{"line":27,"column":47}},"21":{"start":{"line":28,"column":6},"end":{"line":28,"column":29}},"22":{"start":{"line":32,"column":2},"end":{"line":52,"column":4}},"23":{"start":{"line":19,"column":13},"end":{"line":19,"column":25}}},"fnMap":{"0":{"name":"(anonymous_7)","decl":{"start":{"line":19,"column":25},"end":{"line":19,"column":28}},"loc":{"start":{"line":19,"column":30},"end":{"line":53,"column":1}}},"1":{"name":"(anonymous_8)","decl":{"start":{"line":24,"column":12},"end":{"line":24,"column":15}},"loc":{"start":{"line":24,"column":17},"end":{"line":30,"column":3}}}},"branchMap":{"0":{"loc":{"start":{"line":25,"column":4},"end":{"line":29,"column":null}},"type":"if","locations":[{"start":{"line":25,"column":4},"end":{"line":29,"column":null}}]},"1":{"loc":{"start":{"line":26,"column":19},"end":{"line":26,"column":67}},"type":"binary-expr","locations":[{"start":{"line":26,"column":19},"end":{"line":26,"column":61}},{"start":{"line":26,"column":65},"end":{"line":26,"column":67}}]},"2":{"loc":{"start":{"line":34,"column":7},"end":{"line":48,"column":null}},"type":"binary-expr","locations":[{"start":{"line":34,"column":7},"end":{"line":34,"column":15}},{"start":{"line":35,"column":8},"end":{"line":47,"column":null}}]}},"s":{"0":1,"1":1,"2":1,"3":1,"4":1,"5":1,"6":1,"7":1,"8":1,"9":1,"10":1,"11":1,"12":1,"13":1,"14":2,"15":0,"16":0,"17":0,"18":0,"19":0,"20":0,"21":0,"22":0,"23":1},"f":{"0":2,"1":0},"b":{"0":[0],"1":[0,0],"2":[0,0]}}
,"C:\\Users\\dmitr\\Desktop\\projects\\todo-react\\src\\redux\\hooks.ts": {"path":"C:\\Users\\dmitr\\Desktop\\projects\\todo-react\\src\\redux\\hooks.ts","statementMap":{"0":{"start":{"line":1,"column":0},"end":{"line":1,"column":77}},"1":{"start":{"line":5,"column":30},"end":{"line":5,"column":62}},"2":{"start":{"line":5,"column":36},"end":{"line":5,"column":62}},"3":{"start":{"line":5,"column":13},"end":{"line":5,"column":30}},"4":{"start":{"line":6,"column":13},"end":{"line":6,"column":75}}},"fnMap":{"0":{"name":"(anonymous_0)","decl":{"start":{"line":5,"column":30},"end":{"line":5,"column":33}},"loc":{"start":{"line":5,"column":36},"end":{"line":5,"column":62}}}},"branchMap":{},"s":{"0":7,"1":7,"2":3,"3":7,"4":7},"f":{"0":3},"b":{}}
,"C:\\Users\\dmitr\\Desktop\\projects\\todo-react\\src\\redux\\slices\\items.slice.ts": {"path":"C:\\Users\\dmitr\\Desktop\\projects\\todo-react\\src\\redux\\slices\\items.slice.ts","statementMap":{"0":{"start":{"line":1,"column":0},"end":{"line":1,"column":62}},"1":{"start":{"line":8,"column":33},"end":{"line":10,"column":2}},"2":{"start":{"line":12,"column":13},"end":{"line":27,"column":3}},"3":{"start":{"line":17,"column":6},"end":{"line":17,"column":38}},"4":{"start":{"line":20,"column":20},"end":{"line":20,"column":78}},"5":{"start":{"line":20,"column":51},"end":{"line":20,"column":77}},"6":{"start":{"line":21,"column":6},"end":{"line":21,"column":34}},"7":{"start":{"line":24,"column":6},"end":{"line":24,"column":34}},"8":{"start":{"line":29,"column":13},"end":{"line":29,"column":47}},"9":{"start":{"line":31,"column":0},"end":{"line":31,"column":34}}},"fnMap":{"0":{"name":"(anonymous_0)","decl":{"start":{"line":16,"column":9},"end":{"line":16,"column":10}},"loc":{"start":{"line":16,"column":48},"end":{"line":18,"column":5}}},"1":{"name":"(anonymous_1)","decl":{"start":{"line":19,"column":12},"end":{"line":19,"column":13}},"loc":{"start":{"line":19,"column":53},"end":{"line":22,"column":5}}},"2":{"name":"(anonymous_2)","decl":{"start":{"line":20,"column":41},"end":{"line":20,"column":42}},"loc":{"start":{"line":20,"column":51},"end":{"line":20,"column":77}}},"3":{"name":"(anonymous_3)","decl":{"start":{"line":23,"column":20},"end":{"line":23,"column":21}},"loc":{"start":{"line":23,"column":61},"end":{"line":25,"column":5}}}},"branchMap":{},"s":{"0":5,"1":5,"2":5,"3":0,"4":0,"5":0,"6":0,"7":0,"8":5,"9":5},"f":{"0":0,"1":0,"2":0,"3":0},"b":{}}
,"C:\\Users\\dmitr\\Desktop\\projects\\todo-react\\src\\redux\\slices\\options.slice.ts": {"path":"C:\\Users\\dmitr\\Desktop\\projects\\todo-react\\src\\redux\\slices\\options.slice.ts","statementMap":{"0":{"start":{"line":1,"column":0},"end":{"line":1,"column":62}},"1":{"start":{"line":8,"column":35},"end":{"line":8,"column":37}},"2":{"start":{"line":10,"column":13},"end":{"line":18,"column":3}},"3":{"start":{"line":15,"column":6},"end":{"line":15,"column":35}},"4":{"start":{"line":20,"column":15},"end":{"line":20,"column":49}},"5":{"start":{"line":22,"column":0},"end":{"line":22,"column":36}}},"fnMap":{"0":{"name":"(anonymous_0)","decl":{"start":{"line":14,"column":14},"end":{"line":14,"column":15}},"loc":{"start":{"line":14,"column":54},"end":{"line":16,"column":5}}}},"branchMap":{},"s":{"0":2,"1":2,"2":2,"3":0,"4":2,"5":2},"f":{"0":0},"b":{}}
,"C:\\Users\\dmitr\\Desktop\\projects\\todo-react\\src\\redux\\slices\\user.slice.ts": {"path":"C:\\Users\\dmitr\\Desktop\\projects\\todo-react\\src\\redux\\slices\\user.slice.ts","statementMap":{"0":{"start":{"line":1,"column":0},"end":{"line":1,"column":62}},"1":{"start":{"line":9,"column":32},"end":{"line":9,"column":34}},"2":{"start":{"line":11,"column":13},"end":{"line":22,"column":3}},"3":{"start":{"line":16,"column":35},"end":{"line":16,"column":49}},"4":{"start":{"line":17,"column":6},"end":{"line":17,"column":24}},"5":{"start":{"line":18,"column":6},"end":{"line":18,"column":26}},"6":{"start":{"line":19,"column":6},"end":{"line":19,"column":22}},"7":{"start":{"line":24,"column":15},"end":{"line":24,"column":45}},"8":{"start":{"line":26,"column":0},"end":{"line":26,"column":33}}},"fnMap":{"0":{"name":"(anonymous_0)","decl":{"start":{"line":15,"column":13},"end":{"line":15,"column":14}},"loc":{"start":{"line":15,"column":57},"end":{"line":20,"column":5}}}},"branchMap":{},"s":{"0":4,"1":4,"2":4,"3":0,"4":0,"5":0,"6":0,"7":4,"8":4},"f":{"0":0},"b":{}}
}
