TN:
SF:src\components\AddModal\index.tsx
FN:15,(anonymous_7)
FN:22,(anonymous_8)
FN:26,(anonymous_9)
FN:30,(anonymous_10)
FN:34,(anonymous_11)
FN:38,(anonymous_12)
FN:42,(anonymous_13)
FN:55,(anonymous_14)
FNF:8
FNH:1
FNDA:2,(anonymous_7)
FNDA:0,(anonymous_8)
FNDA:0,(anonymous_9)
FNDA:0,(anonymous_10)
FNDA:0,(anonymous_11)
FNDA:0,(anonymous_12)
FNDA:0,(anonymous_13)
FNDA:0,(anonymous_14)
DA:1,3
DA:2,3
DA:3,3
DA:4,3
DA:5,3
DA:6,3
DA:7,3
DA:8,3
DA:9,3
DA:10,3
DA:11,3
DA:12,3
DA:13,3
DA:15,3
DA:16,2
DA:17,1
DA:18,1
DA:19,1
DA:20,1
DA:22,0
DA:23,0
DA:26,0
DA:27,0
DA:30,0
DA:31,0
DA:34,0
DA:35,0
DA:38,0
DA:39,0
DA:42,0
DA:43,0
DA:51,0
DA:52,0
DA:55,0
DA:56,0
DA:57,0
DA:58,0
DA:61,0
LF:38
LH:19
BRDA:111,0,0,0
BRDA:111,0,1,0
BRF:2
BRH:0
end_of_record
TN:
SF:src\components\Container\index.tsx
FNF:0
FNH:0
DA:1,1
DA:3,1
LF:2
LH:2
BRF:0
BRH:0
end_of_record
TN:
SF:src\components\Header\index.tsx
FN:9,(anonymous_1)
FNF:1
FNH:1
FNDA:2,(anonymous_1)
DA:1,2
DA:2,2
DA:3,2
DA:4,2
DA:5,2
DA:6,2
DA:7,2
DA:9,2
DA:10,2
DA:12,2
LF:10
LH:10
BRF:0
BRH:0
end_of_record
TN:
SF:src\components\OptionsPanel\index.tsx
FN:14,(anonymous_7)
FN:19,(anonymous_8)
FN:23,(anonymous_9)
FN:37,(anonymous_10)
FNF:4
FNH:1
FNDA:4,(anonymous_7)
FNDA:0,(anonymous_8)
FNDA:0,(anonymous_9)
FNDA:0,(anonymous_10)
DA:1,2
DA:2,2
DA:3,2
DA:4,2
DA:5,2
DA:6,2
DA:8,2
DA:9,2
DA:10,2
DA:11,2
DA:12,2
DA:14,2
DA:15,4
DA:16,4
DA:17,2
DA:19,0
DA:20,0
DA:23,0
DA:24,0
DA:25,0
DA:28,0
DA:38,0
LF:22
LH:15
BRF:0
BRH:0
end_of_record
TN:
SF:src\components\PrivateRoute\index.tsx
FN:5,(anonymous_1)
FNF:1
FNH:1
FNDA:1,(anonymous_1)
DA:1,1
DA:2,1
DA:3,1
DA:5,1
DA:6,1
DA:7,1
LF:6
LH:6
BRDA:7,0,0,0
BRDA:7,0,1,1
BRF:2
BRH:1
end_of_record
TN:
SF:src\components\Spinner\index.tsx
FN:43,(anonymous_1)
FNF:1
FNH:1
FNDA:1,(anonymous_1)
DA:1,2
DA:2,2
DA:3,2
DA:5,2
DA:43,2
DA:44,1
LF:6
LH:6
BRDA:43,0,0,1
BRDA:43,1,0,1
BRF:2
BRH:2
end_of_record
TN:
SF:src\components\TableView\index.tsx
FN:16,(anonymous_1)
FN:17,(anonymous_2)
FN:20,(anonymous_3)
FN:37,(anonymous_4)
FN:45,(anonymous_5)
FNF:5
FNH:1
FNDA:4,(anonymous_1)
FNDA:0,(anonymous_2)
FNDA:0,(anonymous_3)
FNDA:0,(anonymous_4)
FNDA:0,(anonymous_5)
DA:1,2
DA:2,2
DA:3,2
DA:4,2
DA:5,2
DA:6,2
DA:7,2
DA:8,2
DA:9,2
DA:10,2
DA:12,2
DA:13,2
DA:14,2
DA:16,2
DA:17,4
DA:18,0
DA:20,0
DA:21,0
DA:24,0
DA:38,0
DA:45,0
LF:21
LH:15
BRDA:37,0,0,0
BRDA:37,0,1,0
BRDA:37,1,0,0
BRDA:37,1,1,0
BRF:4
BRH:0
end_of_record
TN:
SF:src\components\Wrapper\index.tsx
FN:6,(anonymous_1)
FN:7,(anonymous_2)
FN:8,(anonymous_3)
FN:10,(anonymous_4)
FN:11,(anonymous_5)
FNF:5
FNH:5
FNDA:1,(anonymous_1)
FNDA:1,(anonymous_2)
FNDA:1,(anonymous_3)
FNDA:1,(anonymous_4)
FNDA:1,(anonymous_5)
DA:1,6
DA:2,6
DA:4,6
DA:6,1
DA:7,1
DA:8,1
DA:10,1
DA:11,1
LF:8
LH:8
BRDA:6,0,0,0
BRDA:6,0,1,1
BRDA:7,1,0,0
BRDA:7,1,1,1
BRDA:8,2,0,0
BRDA:8,2,1,1
BRDA:10,3,0,0
BRDA:10,3,1,1
BRDA:11,4,0,0
BRDA:11,4,1,1
BRF:10
BRH:5
end_of_record
TN:
SF:src\components\helpers\ItemWrapper\index.tsx
FN:14,(anonymous_1)
FNF:1
FNH:1
FNDA:3,(anonymous_1)
DA:1,7
DA:14,7
DA:15,3
LF:3
LH:3
BRF:0
BRH:0
end_of_record
TN:
SF:src\components\helpers\PageText\index.tsx
FN:9,(anonymous_1)
FNF:1
FNH:1
FNDA:2,(anonymous_1)
DA:1,1
DA:9,1
DA:10,2
LF:3
LH:3
BRF:0
BRH:0
end_of_record
TN:
SF:src\constants\index.tsx
FNF:0
FNH:0
DA:1,2
DA:2,2
LF:2
LH:2
BRF:0
BRH:0
end_of_record
TN:
SF:src\constants\month.const.ts
FN:1,(anonymous_0)
FNF:1
FNH:1
FNDA:2,(anonymous_0)
DA:1,2
DA:2,2
DA:3,2
DA:4,2
DA:5,2
DA:6,2
DA:7,2
DA:8,2
DA:9,2
DA:10,2
DA:11,2
DA:12,2
DA:13,2
DA:16,2
LF:14
LH:14
BRDA:1,0,0,2
BRDA:1,0,1,2
BRF:2
BRH:2
end_of_record
TN:
SF:src\core\auth.tsx
FN:21,(anonymous_13)
FN:26,(anonymous_14)
FN:30,useProvideAuth
FN:35,(anonymous_16)
FN:36,(anonymous_17)
FN:47,(anonymous_18)
FN:50,(anonymous_19)
FN:50,(anonymous_20)
FN:67,(anonymous_21)
FN:67,(anonymous_22)
FN:77,(anonymous_23)
FNF:11
FNH:1
FNDA:0,(anonymous_13)
FNDA:3,(anonymous_14)
FNDA:0,useProvideAuth
FNDA:0,(anonymous_16)
FNDA:0,(anonymous_17)
FNDA:0,(anonymous_18)
FNDA:0,(anonymous_19)
FNDA:0,(anonymous_20)
FNDA:0,(anonymous_21)
FNDA:0,(anonymous_22)
FNDA:0,(anonymous_23)
DA:2,4
DA:3,4
DA:4,4
DA:5,4
DA:6,4
DA:7,4
DA:9,4
DA:18,4
DA:19,4
DA:21,4
DA:22,0
DA:23,0
DA:26,4
DA:27,3
DA:31,0
DA:32,0
DA:33,0
DA:35,0
DA:36,0
DA:37,0
DA:38,0
DA:39,0
DA:40,0
DA:42,0
DA:43,0
DA:47,0
DA:50,0
DA:51,0
DA:52,0
DA:53,0
DA:55,0
DA:56,0
DA:57,0
DA:59,0
DA:60,0
DA:61,0
DA:63,0
DA:67,0
DA:68,0
DA:69,0
DA:70,0
DA:71,0
DA:73,0
DA:77,0
DA:78,0
DA:79,0
DA:82,0
LF:47
LH:12
BRDA:37,0,0,0
BRDA:37,0,1,0
BRF:2
BRH:0
end_of_record
TN:
SF:src\models\User.ts
FN:2,(anonymous_0)
FNF:1
FNH:0
FNDA:0,(anonymous_0)
DA:1,4
DA:2,0
LF:2
LH:1
BRF:0
BRH:0
end_of_record
TN:
SF:src\models\index.ts
FNF:0
FNH:0
DA:1,4
DA:2,4
LF:2
LH:2
BRF:0
BRH:0
end_of_record
TN:
SF:src\pages\Dashboard\index.tsx
FN:6,(anonymous_1)
FNF:1
FNH:1
FNDA:2,(anonymous_1)
DA:1,1
DA:2,1
DA:3,1
DA:4,1
DA:6,1
DA:7,2
LF:6
LH:6
BRF:0
BRH:0
end_of_record
TN:
SF:src\pages\Login\index.tsx
FN:19,(anonymous_7)
FN:24,(anonymous_8)
FNF:2
FNH:1
FNDA:2,(anonymous_7)
FNDA:0,(anonymous_8)
DA:2,1
DA:3,1
DA:5,1
DA:6,1
DA:7,1
DA:8,1
DA:9,1
DA:10,1
DA:12,1
DA:13,1
DA:14,1
DA:15,1
DA:16,1
DA:19,1
DA:20,2
DA:21,0
DA:22,0
DA:24,0
DA:25,0
DA:26,0
DA:27,0
DA:28,0
DA:32,0
LF:23
LH:15
BRDA:25,0,0,0
BRDA:26,1,0,0
BRDA:26,1,1,0
BRDA:34,2,0,0
BRDA:34,2,1,0
BRF:5
BRH:0
end_of_record
TN:
SF:src\redux\hooks.ts
FN:5,(anonymous_0)
FNF:1
FNH:1
FNDA:3,(anonymous_0)
DA:1,7
DA:5,7
DA:6,7
LF:3
LH:3
BRF:0
BRH:0
end_of_record
TN:
SF:src\redux\slices\items.slice.ts
FN:16,(anonymous_0)
FN:19,(anonymous_1)
FN:20,(anonymous_2)
FN:23,(anonymous_3)
FNF:4
FNH:0
FNDA:0,(anonymous_0)
FNDA:0,(anonymous_1)
FNDA:0,(anonymous_2)
FNDA:0,(anonymous_3)
DA:1,5
DA:8,5
DA:12,5
DA:17,0
DA:20,0
DA:21,0
DA:24,0
DA:29,5
DA:31,5
LF:9
LH:5
BRF:0
BRH:0
end_of_record
TN:
SF:src\redux\slices\options.slice.ts
FN:14,(anonymous_0)
FNF:1
FNH:0
FNDA:0,(anonymous_0)
DA:1,2
DA:8,2
DA:10,2
DA:15,0
DA:20,2
DA:22,2
LF:6
LH:5
BRF:0
BRH:0
end_of_record
TN:
SF:src\redux\slices\user.slice.ts
FN:15,(anonymous_0)
FNF:1
FNH:0
FNDA:0,(anonymous_0)
DA:1,4
DA:9,4
DA:11,4
DA:16,0
DA:17,0
DA:18,0
DA:19,0
DA:24,4
DA:26,4
LF:9
LH:5
BRF:0
BRH:0
end_of_record
